[cn093.delta.ncsa.illinois.edu:2510755] mca: base: components_register: registering framework ras components
[cn093.delta.ncsa.illinois.edu:2510755] mca: base: components_register: found loaded component simulator
[cn093.delta.ncsa.illinois.edu:2510755] mca: base: components_register: component simulator register function successful
[cn093.delta.ncsa.illinois.edu:2510755] mca: base: components_register: found loaded component slurm
[cn093.delta.ncsa.illinois.edu:2510755] mca: base: components_register: component slurm register function successful
[cn093.delta.ncsa.illinois.edu:2510755] mca: base: components_open: opening ras components
[cn093.delta.ncsa.illinois.edu:2510755] mca: base: components_open: found loaded component simulator
[cn093.delta.ncsa.illinois.edu:2510755] mca: base: components_open: found loaded component slurm
[cn093.delta.ncsa.illinois.edu:2510755] mca: base: components_open: component slurm open function successful
[cn093.delta.ncsa.illinois.edu:2510755] mca:base:select: Auto-selecting ras components
[cn093.delta.ncsa.illinois.edu:2510755] mca:base:select:(  ras) Querying component [simulator]
[cn093.delta.ncsa.illinois.edu:2510755] mca:base:select:(  ras) Querying component [slurm]
[cn093.delta.ncsa.illinois.edu:2510755] mca:base:select:(  ras) Query of component [slurm] set priority to 50
[cn093.delta.ncsa.illinois.edu:2510755] mca:base:select:(  ras) Selected component [slurm]
[cn093.delta.ncsa.illinois.edu:2510755] mca: base: close: unloading component simulator
--------------------------------------------------------------------------
mpirun was unable to launch the specified application as it could not access
or execute an executable:

Executable: ../write_3d_nc4_pathological
Node: cn093

while attempting to start process rank 0.
--------------------------------------------------------------------------
[cn093.delta.ncsa.illinois.edu:2510755] mca: base: close: component slurm closed
[cn093.delta.ncsa.illinois.edu:2510755] mca: base: close: unloading component slurm

real	0m1.579s
user	0m0.038s
sys	0m0.161s
ls: cannot access 'pathological_64_1_1_2_2_2048.nc4': No such file or directory
