[cn093.delta.ncsa.illinois.edu:2557965] mca: base: components_register: registering framework ras components
[cn093.delta.ncsa.illinois.edu:2557965] mca: base: components_register: found loaded component simulator
[cn093.delta.ncsa.illinois.edu:2557965] mca: base: components_register: component simulator register function successful
[cn093.delta.ncsa.illinois.edu:2557965] mca: base: components_register: found loaded component slurm
[cn093.delta.ncsa.illinois.edu:2557965] mca: base: components_register: component slurm register function successful
[cn093.delta.ncsa.illinois.edu:2557965] mca: base: components_open: opening ras components
[cn093.delta.ncsa.illinois.edu:2557965] mca: base: components_open: found loaded component simulator
[cn093.delta.ncsa.illinois.edu:2557965] mca: base: components_open: found loaded component slurm
[cn093.delta.ncsa.illinois.edu:2557965] mca: base: components_open: component slurm open function successful
[cn093.delta.ncsa.illinois.edu:2557965] mca:base:select: Auto-selecting ras components
[cn093.delta.ncsa.illinois.edu:2557965] mca:base:select:(  ras) Querying component [simulator]
[cn093.delta.ncsa.illinois.edu:2557965] mca:base:select:(  ras) Querying component [slurm]
[cn093.delta.ncsa.illinois.edu:2557965] mca:base:select:(  ras) Query of component [slurm] set priority to 50
[cn093.delta.ncsa.illinois.edu:2557965] mca:base:select:(  ras) Selected component [slurm]
[cn093.delta.ncsa.illinois.edu:2557965] mca: base: close: unloading component simulator
[cn093.delta.ncsa.illinois.edu:2557965] mca: base: close: component slurm closed
[cn093.delta.ncsa.illinois.edu:2557965] mca: base: close: unloading component slurm

real	0m6.687s
user	1m13.389s
sys	0m32.403s
