[cn093.delta.ncsa.illinois.edu:2512861] mca: base: components_register: registering framework ras components
[cn093.delta.ncsa.illinois.edu:2512861] mca: base: components_register: found loaded component simulator
[cn093.delta.ncsa.illinois.edu:2512861] mca: base: components_register: component simulator register function successful
[cn093.delta.ncsa.illinois.edu:2512861] mca: base: components_register: found loaded component slurm
[cn093.delta.ncsa.illinois.edu:2512861] mca: base: components_register: component slurm register function successful
[cn093.delta.ncsa.illinois.edu:2512861] mca: base: components_open: opening ras components
[cn093.delta.ncsa.illinois.edu:2512861] mca: base: components_open: found loaded component simulator
[cn093.delta.ncsa.illinois.edu:2512861] mca: base: components_open: found loaded component slurm
[cn093.delta.ncsa.illinois.edu:2512861] mca: base: components_open: component slurm open function successful
[cn093.delta.ncsa.illinois.edu:2512861] mca:base:select: Auto-selecting ras components
[cn093.delta.ncsa.illinois.edu:2512861] mca:base:select:(  ras) Querying component [simulator]
[cn093.delta.ncsa.illinois.edu:2512861] mca:base:select:(  ras) Querying component [slurm]
[cn093.delta.ncsa.illinois.edu:2512861] mca:base:select:(  ras) Query of component [slurm] set priority to 50
[cn093.delta.ncsa.illinois.edu:2512861] mca:base:select:(  ras) Selected component [slurm]
[cn093.delta.ncsa.illinois.edu:2512861] mca: base: close: unloading component simulator
--------------------------------------------------------------------------
mpirun was unable to launch the specified application as it could not access
or execute an executable:

Executable: ../write_3d_nc4_ultra_optimized
Node: cn093

while attempting to start process rank 0.
--------------------------------------------------------------------------
[cn093.delta.ncsa.illinois.edu:2512861] mca: base: close: component slurm closed
[cn093.delta.ncsa.illinois.edu:2512861] mca: base: close: unloading component slurm

real	0m2.136s
user	0m0.027s
sys	0m0.150s
ls: cannot access 'ultra_opt_4_4_4_128_128_128.nc4': No such file or directory
