=== E2E Baseline Test WITH FILL VALUES (should be slower) ===
Configuration: 64 processes, 4x4x4 grid, 32x32x16 data per process
Fill values: ENABLED (reproducing paper's bottleneck)
Start time: Mon Aug 25 12:40:28 CDT 2025

======================   ALLOCATED NODES   ======================
	cn093: flags=0x11 slots=63 max_slots=0 slots_inuse=0 state=UP
	cn094: flags=0x10 slots=1 max_slots=0 slots_inuse=0 state=UP
=================================================================
baseline_fill_4_4_4_32_32_16.nc4 64 32 32 16 0.062500 2.472884 0.025274
End time: Mon Aug 25 12:40:37 CDT 2025
-rw-r-----+ 1 mbanisharifdehkordi delta_bdau 81M Aug 25 12:40 baseline_fill_4_4_4_32_32_16.nc4
baseline_fill_4_4_4_32_32_16.nc4
lmm_stripe_count:  1
lmm_stripe_size:   1048576
lmm_pattern:       raid0
lmm_layout_gen:    0
lmm_stripe_offset: 103
lmm_pool:          ddn_hdd
	obdidx		 objid		 objid		 group
	   103	      21565160	    0x1490ee8	  0x2a00000412

