=== E2E Optimized Test (reproducing 482.22 MiB/s) ===
Configuration: 64 processes, 4x4x4 grid, optimized data layout
Start time: Sat Aug 23 22:18:07 CDT 2025

======================   ALLOCATED NODES   ======================
	cn034: flags=0x11 slots=28 max_slots=0 slots_inuse=0 state=UP
	cn036: flags=0x10 slots=36 max_slots=0 slots_inuse=0 state=UP
=================================================================
optimized_4_4_4_256_16_8.nc4 64 256 16 8 0.125000 2.404761 0.051980
End time: Sat Aug 23 22:18:12 CDT 2025
-rw-r-----+ 1 mbanisharifdehkordi delta_bdau 161M Aug 23 22:18 optimized_4_4_4_256_16_8.nc4
optimized_4_4_4_256_16_8.nc4
lmm_stripe_count:  4
lmm_stripe_size:   4194304
lmm_pattern:       raid0
lmm_layout_gen:    0
lmm_stripe_offset: 96
lmm_pool:          ddn_hdd
	obdidx		 objid		 objid		 group
	    96	      25637097	    0x18730e9	  0x2740000bde
	   102	      16012530	     0xf454f2	  0x2a40000407
	    99	      20084645	    0x13277a5	  0x264000040d
	   103	      16912132	    0x1020f04	  0x2a00000416

