[cn034.delta.ncsa.illinois.edu:2635997] mca: base: components_register: registering framework ras components
[cn034.delta.ncsa.illinois.edu:2635997] mca: base: components_register: found loaded component simulator
[cn034.delta.ncsa.illinois.edu:2635997] mca: base: components_register: component simulator register function successful
[cn034.delta.ncsa.illinois.edu:2635997] mca: base: components_register: found loaded component slurm
[cn034.delta.ncsa.illinois.edu:2635997] mca: base: components_register: component slurm register function successful
[cn034.delta.ncsa.illinois.edu:2635997] mca: base: components_open: opening ras components
[cn034.delta.ncsa.illinois.edu:2635997] mca: base: components_open: found loaded component simulator
[cn034.delta.ncsa.illinois.edu:2635997] mca: base: components_open: found loaded component slurm
[cn034.delta.ncsa.illinois.edu:2635997] mca: base: components_open: component slurm open function successful
[cn034.delta.ncsa.illinois.edu:2635997] mca:base:select: Auto-selecting ras components
[cn034.delta.ncsa.illinois.edu:2635997] mca:base:select:(  ras) Querying component [simulator]
[cn034.delta.ncsa.illinois.edu:2635997] mca:base:select:(  ras) Querying component [slurm]
[cn034.delta.ncsa.illinois.edu:2635997] mca:base:select:(  ras) Query of component [slurm] set priority to 50
[cn034.delta.ncsa.illinois.edu:2635997] mca:base:select:(  ras) Selected component [slurm]
[cn034.delta.ncsa.illinois.edu:2635997] mca: base: close: unloading component simulator
[cn034.delta.ncsa.illinois.edu:2635997] mca: base: close: component slurm closed
[cn034.delta.ncsa.illinois.edu:2635997] mca: base: close: unloading component slurm

real	0m5.407s
user	1m3.807s
sys	0m21.119s
